--- Startup times for process: Primary (or UI client) ---

times in msec
 clock   self+sourced   self:  sourced script
 clock   elapsed:              other lines

000.001  000.001: --- NVIM STARTING ---
000.202  000.201: event init
000.300  000.098: early init
000.414  000.114: locale set
000.479  000.065: init first window
000.965  000.486: inits 1
000.980  000.015: window checked
000.983  000.003: parsing arguments
001.652  000.065  000.065: require('vim._core.shared')
001.778  000.005  000.005: require('string.buffer')
001.815  000.063  000.059: require('vim.inspect')
001.878  000.051  000.051: require('vim._core.options')
001.881  000.224  000.110: require('vim._core.editor')
001.922  000.040  000.040: require('vim._core.system')
001.924  000.365  000.036: require('vim._init_packages')
001.926  000.579: init lua interpreter
004.200  002.274: nvim_ui_attach
004.683  000.482: nvim_set_client_info
004.686  000.003: --- NVIM STARTED ---

--- Startup times for process: Embedded ---

times in msec
 clock   self+sourced   self:  sourced script
 clock   elapsed:              other lines

000.000  000.000: --- NVIM STARTING ---
000.163  000.163: event init
000.250  000.087: early init
000.308  000.058: locale set
000.360  000.052: init first window
000.768  000.408: inits 1
000.790  000.023: window checked
000.793  000.003: parsing arguments
001.412  000.061  000.061: require('vim._core.shared')
001.512  000.006  000.006: require('string.buffer')
001.545  000.060  000.054: require('vim.inspect')
001.644  000.084  000.084: require('vim._core.options')
001.647  000.230  000.086: require('vim._core.editor')
001.692  000.044  000.044: require('vim._core.system')
001.694  000.364  000.030: require('vim._init_packages')
001.699  000.542: init lua interpreter
001.796  000.097: expanding arguments
001.842  000.046: inits 2
002.226  000.384: init highlight
002.229  000.002: waiting for UI
002.373  000.144: done waiting for UI
002.381  000.008: clear screen
002.602  000.033  000.033: require('vim.keymap')
003.694  000.198  000.198: sourcing nvim_exec2()
003.726  000.006  000.006: require('vim._core.log')
011.044  008.660  008.424: require('vim._core.defaults')
011.048  000.008: init default mappings & autocommands
011.668  000.059  000.059: sourcing /usr/share/nvim/runtime/ftplugin.vim
011.751  000.035  000.035: sourcing /usr/share/nvim/runtime/indent.vim
011.852  000.043  000.043: sourcing $VIM/sysinit.vim
012.337  000.012  000.012: sourcing nvim_exec2() called at /home/josh/.config/nvim/init.lua:0
012.407  000.033  000.033: require('vim.fs')
012.569  000.157  000.157: require('vim.uri')
012.605  000.260  000.071: require('vim.loader')
013.577  000.181  000.181: require('vim._async')
013.610  000.761  000.580: require('vim.pack')
013.679  000.010  000.010: require('vim.F')
017.754  001.195  001.195: require('mini.ai')
019.238  000.802  000.802: require('mini.diff')
020.274  000.531  000.531: require('mini.git')
021.783  001.304  001.304: require('mini.icons')
022.133  000.244  000.244: require('mini.move')
022.745  000.386  000.386: require('mini.pairs')
025.238  001.173  001.173: require('mini.pick')
025.771  000.398  000.398: require('vim.ui')
026.019  000.243  000.243: require('mini.surround')
034.169  000.721  000.721: require('vim.lsp.protocol')
034.264  000.966  000.245: require('vim.lsp.log')
034.513  000.242  000.242: require('vim.lsp.util')
034.674  000.063  000.063: require('vim.lsp.sync')
034.684  000.166  000.103: require('vim.lsp._changetracking')
034.990  000.226  000.226: require('vim.lsp._transport')
035.001  000.007  000.007: require('vim._core.stringbuffer')
035.062  000.375  000.142: require('vim.lsp.rpc')
035.207  002.230  000.480: require('vim.lsp')
036.488  000.159  000.159: require('mason-core.path')
036.758  000.049  000.049: require('mason-core.functional.data')
036.842  000.079  000.079: require('mason-core.functional.function')
036.909  000.058  000.058: require('mason-core.functional.list')
036.964  000.046  000.046: require('mason-core.functional.relation')
037.010  000.042  000.042: require('mason-core.functional.logic')
037.055  000.040  000.040: require('mason-core.functional.number')
037.106  000.045  000.045: require('mason-core.functional.string')
037.204  000.050  000.050: require('mason-core.functional.table')
037.255  000.045  000.045: require('mason-core.functional.type')
037.259  000.636  000.183: require('mason-core.functional')
037.291  000.797  000.161: require('mason-core.platform')
037.358  000.065  000.065: require('mason.settings')
037.363  001.160  000.139: require('mason-core.installer.InstallLocation')
037.565  000.097  000.097: require('mason-core.log')
037.569  000.141  000.045: require('mason-core.EventEmitter')
037.648  000.076  000.076: require('mason-registry.sources')
037.720  000.350  000.133: require('mason-registry')
037.723  001.662  000.152: require('mason')
037.929  000.103  000.103: require('mason.api.command')
038.036  000.054  000.054: require('vague.config.internal')
038.040  000.104  000.050: require('vague')
038.411  000.205  000.205: sourcing nvim_exec2() called at /home/josh/.local/share/nvim/site/pack/core/opt/vague.nvim/colors/vague.lua:0
038.603  000.182  000.182: sourcing nvim_exec2() called at /home/josh/.local/share/nvim/site/pack/core/opt/vague.nvim/colors/vague.lua:0
039.058  000.079  000.079: require('vague.groups.common')
039.064  000.150  000.071: require('vague.groups.cmp')
039.067  000.268  000.119: require('vague.groups.blink')
039.162  000.054  000.054: require('vague.groups.dashboard')
039.421  000.168  000.168: require('vague.utilities')
039.425  000.259  000.090: require('vague.groups.diff')
039.575  000.132  000.132: require('vague.groups.fzf-lua')
039.691  000.074  000.074: require('vague.groups.html')
040.244  000.167  000.167: require('vague.groups.syntax')
040.345  000.096  000.096: require('vague.groups.treesitter')
040.352  000.657  000.394: require('vague.groups.lsp-native')
040.496  000.082  000.082: require('vague.groups.lsp-plugin')
040.617  000.102  000.102: require('vague.groups.mini')
040.710  000.082  000.082: require('vague.groups.modes')
040.788  000.070  000.070: require('vague.groups.neotest')
040.870  000.074  000.074: require('vague.groups.neotree')
040.936  000.057  000.057: require('vague.groups.netrw')
041.024  000.068  000.068: require('vague.groups.rainbow-delimiters')
041.086  000.057  000.057: require('vague.groups.snacks-indent')
041.192  000.067  000.067: require('vague.groups.snacks-input')
041.321  000.061  000.061: require('vague.groups.telescope')
041.324  000.129  000.068: require('vague.groups.snacks-picker')
041.721  000.144  000.144: require('vague.groups.treesitter-context')
041.778  000.053  000.053: require('vague.groups.vim-better-whitespace')
041.782  003.109  000.682: require('vague.groups')
041.786  003.177  000.068: require('vague.highlights')
043.781  000.118  000.118: require('vague.terminal')
043.797  005.633  001.951: sourcing /home/josh/.local/share/nvim/site/pack/core/opt/vague.nvim/colors/vague.lua
046.158  000.406  000.406: require('vim.diagnostic')
046.169  034.254  016.798: sourcing /home/josh/.config/nvim/init.lua
046.179  000.739: sourcing vimrc file(s)
046.416  000.077  000.077: sourcing nvim_exec2() called at /usr/share/nvim/runtime/filetype.lua:0
046.420  000.147  000.070: sourcing /usr/share/nvim/runtime/filetype.lua
046.633  000.093  000.093: sourcing /usr/share/nvim/runtime/syntax/synload.vim
046.710  000.253  000.160: sourcing /usr/share/nvim/runtime/syntax/syntax.vim
047.317  000.058  000.058: require('typst-preview.config')
047.353  000.136  000.078: require('typst-preview.utils')
047.497  000.056  000.056: require('typst-preview.fetch')
047.501  000.105  000.049: require('typst-preview.servers.factory')
047.504  000.149  000.044: require('typst-preview.servers.manager')
047.507  000.333  000.048: require('typst-preview.servers')
047.508  000.373  000.040: require('typst-preview.events.server')
047.611  000.101  000.101: require('typst-preview.events.editor')
047.614  000.523  000.049: require('typst-preview.events')
047.616  000.582  000.059: require('typst-preview.commands')
047.645  000.650  000.068: sourcing /home/josh/.local/share/nvim/site/pack/core/opt/typst-preview.nvim/plugin/init.lua
047.857  000.078  000.078: sourcing /home/josh/.local/share/nvim/site/pack/core/opt/nvim-lspconfig/plugin/lspconfig.lua
048.305  000.149  000.149: sourcing /usr/share/nvim/runtime/plugin/gzip.vim
048.939  000.160  000.160: sourcing /usr/share/nvim/runtime/pack/dist/opt/matchit/plugin/matchit.vim
048.998  000.669  000.509: sourcing /usr/share/nvim/runtime/plugin/matchit.vim
049.145  000.126  000.126: sourcing /usr/share/nvim/runtime/plugin/matchparen.vim
049.806  000.197  000.197: sourcing /usr/share/nvim/runtime/pack/dist/opt/netrw/plugin/netrwPlugin.vim
049.878  000.709  000.511: sourcing /usr/share/nvim/runtime/plugin/netrwPlugin.vim
050.029  000.124  000.124: sourcing /usr/share/nvim/runtime/plugin/rplugin.vim
050.141  000.084  000.084: sourcing /usr/share/nvim/runtime/plugin/tarPlugin.vim
050.190  000.017  000.017: sourcing /usr/share/nvim/runtime/plugin/tutor.vim
050.374  000.121  000.121: sourcing /usr/share/nvim/runtime/plugin/zipPlugin.vim
050.490  000.082  000.082: sourcing /usr/share/nvim/runtime/plugin/editorconfig.lua
050.603  000.085  000.085: sourcing /usr/share/nvim/runtime/plugin/man.lua
050.686  000.055  000.055: sourcing /usr/share/nvim/runtime/plugin/net.lua
050.755  000.041  000.041: sourcing /usr/share/nvim/runtime/plugin/osc52.lua
050.849  000.066  000.066: sourcing /usr/share/nvim/runtime/plugin/shada.lua
050.934  000.039  000.039: sourcing /usr/share/nvim/runtime/plugin/spellfile.lua
050.950  001.275: loading rtp plugins
051.113  000.162: loading packages
051.114  000.002: loading after plugins
051.120  000.005: inits 3
052.502  001.382: reading ShaDa
052.604  000.102: opening buffers
052.640  000.036: BufEnter autocommands
052.643  000.003: editing files in windows
052.745  000.102: VimEnter autocommands
052.767  000.022: UIEnter autocommands
053.083  000.226  000.226: sourcing /usr/share/nvim/runtime/autoload/provider/clipboard.vim
053.089  000.096: before starting main loop
053.257  000.011  000.011: require('vim._core.util')
053.435  000.334: first screen update
053.437  000.002: --- NVIM STARTED ---

