--- Startup times for process: Primary (or UI client) ---

times in msec
 clock   self+sourced   self:  sourced script
 clock   elapsed:              other lines

000.010  000.010: --- NVIM STARTING ---
000.121  000.112: event init
000.397  000.276: early init
022.467  022.070: locale set
022.543  000.076: init first window
023.448  000.905: inits 1
023.652  000.204: window checked
023.668  000.016: parsing arguments
025.017  000.618  000.618: require('vim._core.shared')
025.924  000.006  000.006: require('string.buffer')
025.960  000.265  000.260: require('vim.inspect')
026.348  000.373  000.373: require('vim._core.options')
026.354  001.326  000.688: require('vim._core.editor')
026.573  000.215  000.215: require('vim._core.system')
026.578  002.295  000.137: require('vim._init_packages')
026.587  000.624: init lua interpreter
039.073  012.486: nvim_ui_attach
039.742  000.669: nvim_set_client_info
039.771  000.029: --- NVIM STARTED ---

--- Startup times for process: Embedded ---

times in msec
 clock   self+sourced   self:  sourced script
 clock   elapsed:              other lines

000.009  000.009: --- NVIM STARTING ---
000.067  000.058: event init
000.203  000.136: early init
023.094  022.890: locale set
023.162  000.069: init first window
023.938  000.775: inits 1
023.980  000.043: window checked
023.987  000.007: parsing arguments
025.545  000.770  000.770: require('vim._core.shared')
026.420  000.008  000.008: require('string.buffer')
026.467  000.297  000.289: require('vim.inspect')
026.742  000.261  000.261: require('vim._core.options')
026.747  001.186  000.628: require('vim._core.editor')
026.921  000.170  000.170: require('vim._core.system')
026.925  002.300  000.174: require('vim._init_packages')
026.936  000.648: init lua interpreter
027.692  000.756: expanding arguments
027.731  000.040: inits 2
028.125  000.394: init highlight
028.128  000.003: waiting for UI
028.315  000.187: done waiting for UI
028.345  000.031: clear screen
029.131  000.049  000.049: require('vim.keymap')
030.053  000.227  000.227: sourcing nvim_exec2()
030.129  000.026  000.026: require('vim._core.log')
034.450  006.099  005.797: require('vim._core.defaults')
034.461  000.017: init default mappings & autocommands
036.516  000.244  000.244: sourcing C:\Program Files\Neovim\share\nvim\runtime\ftplugin.vim
036.936  000.103  000.103: sourcing C:\Program Files\Neovim\share\nvim\runtime\indent.vim
041.272  002.279  002.279: require('lazy')
041.417  000.085  000.085: require('ffi')
043.357  000.881  000.881: require('vim.fs')
044.002  000.628  000.628: require('vim.uri')
044.050  002.618  001.108: require('vim.loader')
044.897  000.773  000.773: require('lazy.stats')
045.795  000.422  000.422: require('lazy.core.util')
046.240  000.430  000.430: require('lazy.core.config')
047.023  000.370  000.370: require('lazy.core.handler')
047.996  000.308  000.308: require('lazy.pkg')
048.013  000.610  000.302: require('lazy.core.meta')
048.052  001.016  000.406: require('lazy.core.plugin')
048.086  001.835  000.449: require('lazy.core.loader')
049.676  000.557  000.557: require('lazy.core.fragments')
054.296  000.231  000.231: require('lazy.core.handler.cmd')
054.559  000.248  000.248: require('lazy.core.handler.keys')
054.943  000.174  000.174: require('lazy.core.handler.event')
054.952  000.382  000.208: require('lazy.core.handler.ft')
055.116  000.011  000.011: sourcing nvim_exec2() called at C:\Users\Rency\AppData\Local\nvim\init.lua:0
055.174  000.004  000.004: sourcing nvim_exec2() called at C:\Users\Rency\AppData\Local\nvim\init.lua:0
056.263  000.620  000.620: sourcing nvim_exec2() called at C:\Program Files\Neovim\share/nvim/runtime/filetype.lua:0
056.278  000.818  000.199: sourcing C:\Program Files\Neovim\share/nvim/runtime/filetype.lua
056.303  001.036  000.217: sourcing nvim_exec2() called at C:\Users\Rency\AppData\Local\nvim\init.lua:0
056.432  000.005  000.005: sourcing nvim_exec2() called at C:\Users\Rency\AppData\Local\nvim\init.lua:0
056.467  000.003  000.003: sourcing nvim_exec2() called at C:\Users\Rency\AppData\Local\nvim\init.lua:0
057.879  000.180  000.180: require('vague.config.internal')
057.894  001.415  001.234: require('vague')
060.728  000.287  000.287: sourcing nvim_exec2() called at C:\Users\Rency\AppData\Local\nvim-data\lazy\vague.nvim\colors\vague.lua:0
060.984  000.231  000.231: sourcing nvim_exec2() called at C:\Users\Rency\AppData\Local\nvim-data\lazy\vague.nvim\colors\vague.lua:0
062.225  000.220  000.220: require('vague.groups.common')
062.237  000.444  000.224: require('vague.groups.cmp')
062.243  000.661  000.216: require('vague.groups.blink')
062.459  000.167  000.167: require('vague.groups.dashboard')
063.056  000.328  000.328: require('vague.utilities')
063.066  000.597  000.270: require('vague.groups.diff')
063.306  000.219  000.219: require('vague.groups.fzf-lua')
063.676  000.318  000.318: require('vague.groups.html')
064.135  000.230  000.230: require('vague.groups.syntax')
064.380  000.234  000.234: require('vague.groups.treesitter')
064.390  000.704  000.240: require('vague.groups.lsp-native')
064.671  000.204  000.204: require('vague.groups.lsp-plugin')
064.925  000.242  000.242: require('vague.groups.mini')
065.126  000.190  000.190: require('vague.groups.modes')
065.363  000.203  000.203: require('vague.groups.neotest')
065.518  000.144  000.144: require('vague.groups.neotree')
065.666  000.138  000.138: require('vague.groups.netrw')
065.908  000.225  000.225: require('vague.groups.rainbow-delimiters')
066.097  000.178  000.178: require('vague.groups.snacks-indent')
066.352  000.242  000.242: require('vague.groups.snacks-input')
067.183  000.416  000.416: require('vague.groups.telescope')
067.202  000.838  000.422: require('vague.groups.snacks-picker')
067.641  000.342  000.342: require('vague.groups.treesitter-context')
067.945  000.279  000.279: require('vague.groups.vim-better-whitespace')
067.960  006.759  000.867: require('vague.groups')
067.967  006.975  000.216: require('vague.highlights')
070.647  000.423  000.423: require('vague.terminal')
070.679  010.574  002.658: sourcing C:\Users\Rency\AppData\Local\nvim-data\lazy\vague.nvim\colors\vague.lua
071.396  000.215  000.215: sourcing C:\Program Files\Neovim\share/nvim/runtime/plugin/editorconfig.lua
071.422  000.387  000.172: sourcing nvim_exec2() called at C:\Users\Rency\AppData\Local\nvim\init.lua:0
071.851  000.274  000.274: sourcing C:\Program Files\Neovim\share/nvim/runtime/plugin/gzip.vim
071.882  000.447  000.173: sourcing nvim_exec2() called at C:\Users\Rency\AppData\Local\nvim\init.lua:0
072.620  000.517  000.517: sourcing C:\Program Files\Neovim\share/nvim/runtime/plugin/man.lua
072.684  000.777  000.260: sourcing nvim_exec2() called at C:\Users\Rency\AppData\Local\nvim\init.lua:0
074.766  000.396  000.396: sourcing C:\Program Files\Neovim\share\nvim\runtime\pack\dist\opt\matchit\plugin\matchit.vim
074.843  001.806  001.411: sourcing C:\Program Files\Neovim\share/nvim/runtime/plugin/matchit.vim
074.858  002.126  000.320: sourcing nvim_exec2() called at C:\Users\Rency\AppData\Local\nvim\init.lua:0
075.350  000.218  000.218: sourcing C:\Program Files\Neovim\share/nvim/runtime/plugin/matchparen.vim
075.404  000.429  000.211: sourcing nvim_exec2() called at C:\Users\Rency\AppData\Local\nvim\init.lua:0
075.988  000.390  000.390: sourcing C:\Program Files\Neovim\share/nvim/runtime/plugin/net.lua
076.041  000.590  000.200: sourcing nvim_exec2() called at C:\Users\Rency\AppData\Local\nvim\init.lua:0
077.689  000.423  000.423: sourcing C:\Program Files\Neovim\share\nvim\runtime\pack\dist\opt\netrw\plugin\netrwPlugin.vim
077.759  001.562  001.139: sourcing C:\Program Files\Neovim\share/nvim/runtime/plugin/netrwPlugin.vim
077.804  001.747  000.184: sourcing nvim_exec2() called at C:\Users\Rency\AppData\Local\nvim\init.lua:0
078.294  000.316  000.316: sourcing C:\Program Files\Neovim\share/nvim/runtime/plugin/osc52.lua
078.317  000.493  000.177: sourcing nvim_exec2() called at C:\Users\Rency\AppData\Local\nvim\init.lua:0
078.988  000.447  000.447: sourcing C:\Program Files\Neovim\share/nvim/runtime/plugin/rplugin.vim
079.005  000.645  000.198: sourcing nvim_exec2() called at C:\Users\Rency\AppData\Local\nvim\init.lua:0
079.621  000.431  000.431: sourcing C:\Program Files\Neovim\share/nvim/runtime/plugin/shada.lua
079.684  000.633  000.203: sourcing nvim_exec2() called at C:\Users\Rency\AppData\Local\nvim\init.lua:0
080.146  000.273  000.273: sourcing C:\Program Files\Neovim\share/nvim/runtime/plugin/spellfile.lua
080.171  000.468  000.195: sourcing nvim_exec2() called at C:\Users\Rency\AppData\Local\nvim\init.lua:0
080.555  000.186  000.186: sourcing C:\Program Files\Neovim\share/nvim/runtime/plugin/tarPlugin.vim
080.573  000.391  000.205: sourcing nvim_exec2() called at C:\Users\Rency\AppData\Local\nvim\init.lua:0
080.888  000.096  000.096: sourcing C:\Program Files\Neovim\share/nvim/runtime/plugin/tutor.vim
080.905  000.320  000.224: sourcing nvim_exec2() called at C:\Users\Rency\AppData\Local\nvim\init.lua:0
081.313  000.228  000.228: sourcing C:\Program Files\Neovim\share/nvim/runtime/plugin/zipPlugin.vim
081.477  000.561  000.334: sourcing nvim_exec2() called at C:\Users\Rency\AppData\Local\nvim\init.lua:0
081.685  043.343  010.421: require('triangulation.lazy_init')
081.945  000.015  000.015: sourcing nvim_exec2() called at C:\Users\Rency\AppData\Local\nvim\init.lua:0
082.427  000.736  000.721: require('triangulation.options')
083.409  000.009  000.009: sourcing nvim_exec2() called at C:\Users\Rency\AppData\Local\nvim\init.lua:0
083.453  000.003  000.003: sourcing nvim_exec2() called at C:\Users\Rency\AppData\Local\nvim\init.lua:0
084.570  001.066  001.066: require('mini.ai')
086.076  000.863  000.863: require('mini.bracketed')
088.040  000.668  000.668: require('mini.cmdline')
088.745  000.596  000.596: require('mini.diff')
089.087  000.043  000.043: require('vim.F')
089.694  000.583  000.583: require('mini.git')
093.174  001.877  001.877: require('mini.icons')
093.700  000.350  000.350: require('mini.move')
094.093  000.318  000.318: require('mini.pairs')
095.186  000.348  000.348: require('mini.surround')
103.753  000.449  000.449: require('mini.trailspace')
104.481  000.526  000.526: require('mini.notify')
104.866  000.320  000.320: require('mini.indentscope')
105.468  000.300  000.300: require('mini.hipatterns')
106.100  000.501  000.501: require('mini.files')
106.143  000.016  000.016: sourcing nvim_exec2() called at C:\Users\Rency\AppData\Local\nvim\init.lua:0
106.155  000.005  000.005: sourcing nvim_exec2() called at C:\Users\Rency\AppData\Local\nvim\init.lua:0
106.463  000.287  000.287: require('mini.tabline')
106.579  000.011  000.011: sourcing nvim_exec2() called at C:\Users\Rency\AppData\Local\nvim\init.lua:0
106.902  000.317  000.317: require('mini.statusline')
107.081  024.322  014.866: require('mini.git')
108.374  000.795  000.795: require('vim.lsp.protocol')
108.474  001.077  000.282: require('vim.lsp.log')
108.848  000.366  000.366: require('vim.lsp.util')
109.333  000.257  000.257: require('vim.lsp.sync')
109.344  000.485  000.228: require('vim.lsp._changetracking')
109.834  000.230  000.230: require('vim.lsp._transport')
109.904  000.063  000.063: require('vim._core.stringbuffer')
109.918  000.569  000.276: require('vim.lsp.rpc')
110.066  002.976  000.478: require('vim.lsp')
110.462  000.389  000.389: require('vim.lsp.buf')
110.862  028.427  000.740: require('triangulation.keymaps')
111.095  000.225  000.225: require('triangulation.macros')
111.115  073.340  000.609: require('triangulation')
111.121  073.636  000.297: sourcing C:\Users\Rency\AppData\Local\nvim\init.lua
111.173  002.728: sourcing vimrc file(s)
111.658  000.176  000.176: sourcing C:\Program Files\Neovim\share\nvim\runtime\filetype.lua
112.842  000.192  000.192: sourcing C:\Program Files\Neovim\share\nvim\runtime\syntax\synload.vim
113.063  000.792  000.601: sourcing C:\Program Files\Neovim\share/nvim/runtime/syntax/syntax.vim
113.090  000.948: inits 3
113.248  000.158: opening buffers
113.489  000.241: BufEnter autocommands
113.495  000.007: editing files in windows
113.609  000.113: VimEnter autocommands
113.738  000.129: UIEnter autocommands
128.818  013.272  013.272: sourcing C:\Program Files\Neovim\share\nvim\runtime\autoload\provider\clipboard.vim
128.862  001.852: before starting main loop
129.805  000.373  000.373: require('editorconfig')
132.819  002.973  002.973: require('vim.filetype')
134.934  001.803  001.803: require('vim.filetype.detect')
135.691  000.538  000.538: require('vim.diagnostic')
135.769  001.220: first screen update
135.774  000.004: --- NVIM STARTED ---

