--- Startup times for process: Primary (or UI client) ---

times in msec
 clock   self+sourced   self:  sourced script
 clock   elapsed:              other lines

000.009  000.009: --- NVIM STARTING ---
000.140  000.131: event init
000.323  000.182: early init
022.854  022.532: locale set
022.911  000.057: init first window
023.693  000.782: inits 1
024.090  000.397: window checked
024.097  000.007: parsing arguments
025.236  000.542  000.542: require('vim._core.shared')
026.079  000.006  000.006: require('string.buffer')
026.124  000.280  000.274: require('vim.inspect')
026.398  000.261  000.261: require('vim._core.options')
026.403  001.158  000.617: require('vim._core.editor')
026.574  000.167  000.167: require('vim._core.system')
026.578  002.005  000.138: require('vim._init_packages')
026.586  000.484: init lua interpreter
042.839  016.253: nvim_ui_attach
043.170  000.332: nvim_set_client_info
043.177  000.006: --- NVIM STARTED ---

--- Startup times for process: Embedded ---

times in msec
 clock   self+sourced   self:  sourced script
 clock   elapsed:              other lines

000.009  000.009: --- NVIM STARTING ---
000.069  000.061: event init
000.200  000.131: early init
024.253  024.053: locale set
024.319  000.066: init first window
025.107  000.787: inits 1
025.138  000.031: window checked
025.145  000.007: parsing arguments
026.514  000.621  000.621: require('vim._core.shared')
027.568  000.016  000.016: require('string.buffer')
027.724  000.494  000.479: require('vim.inspect')
028.101  000.337  000.337: require('vim._core.options')
028.110  001.577  000.746: require('vim._core.editor')
028.323  000.208  000.208: require('vim._core.system')
028.329  002.590  000.183: require('vim._init_packages')
028.341  000.606: init lua interpreter
029.188  000.847: expanding arguments
029.223  000.035: inits 2
029.613  000.390: init highlight
029.618  000.005: waiting for UI
029.763  000.145: done waiting for UI
029.803  000.040: clear screen
030.876  000.064  000.064: require('vim.keymap')
031.878  000.190  000.190: sourcing nvim_exec2()
031.941  000.030  000.030: require('vim._core.log')
036.960  007.146  006.862: require('vim._core.defaults')
036.969  000.019: init default mappings & autocommands
038.085  000.148  000.148: sourcing C:\Program Files\Neovim\share\nvim\runtime\ftplugin.vim
038.411  000.136  000.136: sourcing C:\Program Files\Neovim\share\nvim\runtime\indent.vim
039.544  000.012  000.012: sourcing nvim_exec2() called at C:\Users\Rency\AppData\Local\nvim\init.lua:0
040.373  000.525  000.525: require('vim.fs')
040.813  000.425  000.425: require('vim.uri')
040.859  001.303  000.353: require('vim.loader')
043.043  000.977  000.977: require('vim.lsp.protocol')
043.104  001.296  000.319: require('vim.lsp.log')
043.616  000.502  000.502: require('vim.lsp.util')
044.333  000.301  000.301: require('vim.lsp.sync')
044.353  000.730  000.429: require('vim.lsp._changetracking')
045.056  000.342  000.342: require('vim.lsp._transport')
045.152  000.085  000.085: require('vim._core.stringbuffer')
045.272  000.910  000.483: require('vim.lsp.rpc')
045.323  004.066  000.628: require('vim.lsp')
045.805  000.059  000.059: require('vim.F')
045.827  000.495  000.436: require('vim.lsp.buf')
047.397  000.302  000.302: require('vim._async')
047.432  001.018  000.716: require('vim.pack')
059.001  001.612  001.612: require('blink.cmp')
059.749  000.371  000.371: require('blink.cmp.config.utils')
060.027  000.268  000.268: require('blink.cmp.config.keymap')
060.404  000.167  000.167: require('blink.cmp.config.completion.keyword')
060.588  000.177  000.177: require('blink.cmp.config.completion.trigger')
060.829  000.235  000.235: require('blink.cmp.config.completion.list')
061.256  000.420  000.420: require('blink.cmp.config.completion.accept')
061.715  000.446  000.446: require('blink.cmp.config.completion.menu')
062.037  000.313  000.313: require('blink.cmp.config.completion.documentation')
062.362  000.317  000.317: require('blink.cmp.config.completion.ghost_text')
062.370  002.335  000.261: require('blink.cmp.config.completion')
062.619  000.245  000.245: require('blink.cmp.config.fuzzy')
062.867  000.241  000.241: require('blink.cmp.config.sources')
063.182  000.308  000.308: require('blink.cmp.config.signature')
063.512  000.324  000.324: require('blink.cmp.config.snippets')
063.714  000.185  000.185: require('blink.cmp.config.appearance')
064.018  000.298  000.298: require('blink.cmp.config.modes.cmdline')
064.272  000.247  000.247: require('blink.cmp.config.modes.term')
064.291  005.265  000.444: require('blink.cmp.config')
066.355  000.290  000.290: require('blink.cmp.config.modes.types')
067.586  000.377  000.377: require('blink.cmp.lib.async')
068.178  000.175  000.175: require('blink.cmp.lib.utils')
068.345  000.159  000.159: require('blink.cmp.fuzzy.download.system')
068.443  000.634  000.300: require('blink.cmp.fuzzy.download.files')
068.450  000.855  000.220: require('blink.cmp.fuzzy.download.git')
068.456  001.692  000.460: require('blink.cmp.fuzzy.download')
069.149  000.607  000.607: require('mini.ai')
069.845  000.473  000.473: require('mini.bracketed')
070.956  000.353  000.353: require('mini.cmdline')
071.511  000.465  000.465: require('mini.diff')
072.170  000.475  000.475: require('mini.git')
076.638  002.271  002.271: require('mini.icons')
077.494  000.755  000.755: require('mini.jump')
078.971  001.062  001.062: require('mini.move')
079.865  000.778  000.778: require('mini.pairs')
081.124  000.496  000.496: require('mini.surround')
090.484  000.413  000.413: require('mini.tabline')
090.747  000.021  000.021: sourcing nvim_exec2() called at C:\Users\Rency\AppData\Local\nvim\init.lua:0
091.170  000.410  000.410: require('mini.notify')
091.778  000.429  000.429: require('mini.indentscope')
092.518  000.561  000.561: require('mini.hipatterns')
092.957  000.364  000.364: require('mini.statusline')
095.346  000.342  000.342: require('mason-core.path')
096.204  000.221  000.221: require('mason-core.functional.data')
096.492  000.269  000.269: require('mason-core.functional.function')
096.883  000.371  000.371: require('mason-core.functional.list')
097.179  000.274  000.274: require('mason-core.functional.relation')
097.448  000.256  000.256: require('mason-core.functional.logic')
098.159  000.698  000.698: require('mason-core.functional.number')
098.672  000.478  000.478: require('mason-core.functional.string')
099.008  000.323  000.323: require('mason-core.functional.table')
099.229  000.175  000.175: require('mason-core.functional.type')
099.238  003.624  000.560: require('mason-core.functional')
099.398  004.035  000.411: require('mason-core.platform')
099.746  000.340  000.340: require('mason.settings')
099.756  005.144  000.426: require('mason-core.installer.InstallLocation')
100.331  000.197  000.197: require('mason-core.log')
100.339  000.344  000.146: require('mason-core.EventEmitter')
100.525  000.182  000.182: require('mason-registry.sources')
100.534  000.773  000.248: require('mason-registry')
100.539  006.709  000.792: require('mason')
100.921  000.273  000.273: require('mason.api.command')
101.176  000.243  000.243: require('oil')
101.325  000.136  000.136: require('oil.ringbuf')
101.490  000.159  000.159: require('oil.config')
104.839  002.641  002.641: require('vim.filetype')
106.282  000.344  000.344: require('oil.log')
106.403  000.905  000.560: require('oil.fs')
107.194  000.326  000.326: require('oil.constants')
107.295  000.884  000.558: require('oil.util')
107.758  000.215  000.215: require('vague.config.internal')
107.766  000.463  000.247: require('vague')
108.751  000.314  000.314: sourcing nvim_exec2() called at C:\Users\Rency\AppData\Local\nvim-data\site\pack\core\opt\vague.nvim\colors\vague.lua:0
109.026  000.247  000.247: sourcing nvim_exec2() called at C:\Users\Rency\AppData\Local\nvim-data\site\pack\core\opt\vague.nvim\colors\vague.lua:0
110.849  000.301  000.301: require('vague.groups.common')
110.865  000.581  000.279: require('vague.groups.cmp')
110.870  000.935  000.355: require('vague.groups.blink')
111.111  000.181  000.181: require('vague.groups.dashboard')
111.504  000.168  000.168: require('vague.utilities')
111.514  000.391  000.223: require('vague.groups.diff')
111.795  000.257  000.257: require('vague.groups.fzf-lua')
112.059  000.237  000.237: require('vague.groups.html')
112.415  000.178  000.178: require('vague.groups.syntax')
112.706  000.283  000.283: require('vague.groups.treesitter')
112.717  000.650  000.189: require('vague.groups.lsp-native')
113.045  000.265  000.265: require('vague.groups.lsp-plugin')
113.369  000.300  000.300: require('vague.groups.mini')
113.607  000.225  000.225: require('vague.groups.modes')
113.880  000.264  000.264: require('vague.groups.neotest')
114.116  000.219  000.219: require('vague.groups.neotree')
114.402  000.274  000.274: require('vague.groups.netrw')
114.770  000.334  000.334: require('vague.groups.rainbow-delimiters')
115.151  000.368  000.368: require('vague.groups.snacks-indent')
115.392  000.234  000.234: require('vague.groups.snacks-input')
115.875  000.238  000.238: require('vague.groups.telescope')
115.990  000.590  000.351: require('vague.groups.snacks-picker')
116.460  000.246  000.246: require('vague.groups.treesitter-context')
116.691  000.222  000.222: require('vague.groups.vim-better-whitespace')
116.698  007.217  001.026: require('vague.groups')
116.703  007.661  000.443: require('vague.highlights')
119.085  000.303  000.303: require('vague.terminal')
119.110  010.848  002.324: sourcing C:\Users\Rency\AppData\Local\nvim-data\site\pack\core\opt\vague.nvim\colors\vague.lua
123.793  000.681  000.681: require('vim.diagnostic')
123.847  085.164  035.539: sourcing C:\Users\Rency\AppData\Local\nvim\init.lua
123.895  001.477: sourcing vimrc file(s)
124.827  000.321  000.321: sourcing nvim_exec2() called at C:\Program Files\Neovim\share\nvim\runtime\filetype.lua:0
124.837  000.527  000.206: sourcing C:\Program Files\Neovim\share\nvim\runtime\filetype.lua
125.952  000.166  000.166: sourcing C:\Program Files\Neovim\share\nvim\runtime\syntax\synload.vim
126.166  000.877  000.711: sourcing C:\Program Files\Neovim\share/nvim/runtime/syntax/syntax.vim
128.535  000.269  000.269: require('typst-preview.config')
128.740  000.769  000.500: require('typst-preview.utils')
129.380  000.186  000.186: require('typst-preview.fetch')
129.389  000.393  000.207: require('typst-preview.servers.factory')
129.396  000.649  000.256: require('typst-preview.servers.manager')
129.401  001.639  000.221: require('typst-preview.servers')
129.406  001.863  000.224: require('typst-preview.events.server')
129.556  000.146  000.146: require('typst-preview.events.editor')
129.563  002.207  000.198: require('typst-preview.events')
129.568  002.476  000.269: require('typst-preview.commands')
129.623  002.750  000.274: sourcing C:\Users\Rency\AppData\Local\nvim-data\site\pack\core\opt\typst-preview.nvim\plugin\init.lua
130.330  000.262  000.262: sourcing C:\Users\Rency\AppData\Local\nvim-data\site\pack\core\opt\undotree\plugin\undotree.vim
130.810  000.073  000.073: sourcing C:\Users\Rency\AppData\Local\nvim-data\site\pack\core\opt\plenary.nvim\plugin\plenary.vim
131.579  000.386  000.386: sourcing C:\Users\Rency\AppData\Local\nvim-data\site\pack\core\opt\telescope.nvim\plugin\telescope.lua
132.559  000.148  000.148: require('blink.cmp.lib.event_emitter')
132.571  000.386  000.237: require('blink.cmp.sources.lib')
132.594  000.575  000.189: sourcing C:\Users\Rency\AppData\Local\nvim-data\site\pack\core\opt\blink.cmp\plugin\blink-cmp.lua
133.255  000.168  000.168: sourcing C:\Users\Rency\AppData\Local\nvim-data\site\pack\core\opt\nvim-lspconfig\plugin\lspconfig.lua
134.660  000.244  000.244: sourcing C:\Program Files\Neovim\share\nvim\runtime\plugin\gzip.vim
137.026  000.327  000.327: sourcing C:\Program Files\Neovim\share\nvim\runtime\pack\dist\opt\matchit\plugin\matchit.vim
137.150  002.292  001.965: sourcing C:\Program Files\Neovim\share\nvim\runtime\plugin\matchit.vim
137.494  000.215  000.215: sourcing C:\Program Files\Neovim\share\nvim\runtime\plugin\matchparen.vim
137.665  000.035  000.035: sourcing C:\Program Files\Neovim\share\nvim\runtime\plugin\netrwPlugin.vim
138.209  000.406  000.406: sourcing C:\Program Files\Neovim\share\nvim\runtime\plugin\rplugin.vim
138.507  000.142  000.142: sourcing C:\Program Files\Neovim\share\nvim\runtime\plugin\tarPlugin.vim
138.709  000.055  000.055: sourcing C:\Program Files\Neovim\share\nvim\runtime\plugin\tutor.vim
139.110  000.237  000.237: sourcing C:\Program Files\Neovim\share\nvim\runtime\plugin\zipPlugin.vim
139.443  000.195  000.195: sourcing C:\Program Files\Neovim\share\nvim\runtime\plugin\editorconfig.lua
139.819  000.236  000.236: sourcing C:\Program Files\Neovim\share\nvim\runtime\plugin\man.lua
140.120  000.161  000.161: sourcing C:\Program Files\Neovim\share\nvim\runtime\plugin\net.lua
140.474  000.137  000.137: sourcing C:\Program Files\Neovim\share\nvim\runtime\plugin\osc52.lua
140.784  000.166  000.166: sourcing C:\Program Files\Neovim\share\nvim\runtime\plugin\shada.lua
141.202  000.231  000.231: sourcing C:\Program Files\Neovim\share\nvim\runtime\plugin\spellfile.lua
141.277  007.011: loading rtp plugins
141.663  000.386: loading packages
141.668  000.005: loading after plugins
141.685  000.016: inits 3
141.878  000.194: opening buffers
142.136  000.258: BufEnter autocommands
142.141  000.005: editing files in windows
142.223  000.082: VimEnter autocommands
142.332  000.109: UIEnter autocommands
159.250  014.549  014.549: sourcing C:\Program Files\Neovim\share\nvim\runtime\autoload\provider\clipboard.vim
159.287  002.407: before starting main loop
160.127  000.336  000.336: require('editorconfig')
161.122  000.508  000.508: require('vim.filetype.detect')
161.392  001.260: first screen update
161.398  000.006: --- NVIM STARTED ---

